current directory: /Users/wfu/code/nhchristianson.github.io/endor/bundle\/ruby/2.6.0/gems/date-3.4.1/ext/date
/System/Library/Frameworks/Ruby.framework/Versions/2.6/usr/bin/ruby -I /System/Library/Frameworks/Ruby.framework/Versions/2.6/usr/lib/ruby/2.6.0 -r ./siteconf20250531-10768-onp5hk.rb extconf.rb
checking for whether -Wno-compound-token-split-by-macro is accepted as CFLAGS... yes
checking for rb_category_warn()... no
checking for timezone in time.h... yes
checking for altzone in time.h... no
creating Makefile

current directory: /Users/wfu/code/nhchristianson.github.io/endor/bundle\/ruby/2.6.0/gems/date-3.4.1/ext/date
make "DESTDIR=" clean

current directory: /Users/wfu/code/nhchristianson.github.io/endor/bundle\/ruby/2.6.0/gems/date-3.4.1/ext/date
make "DESTDIR="
compiling date_core.c
compiling date_parse.c
compiling date_strftime.c
compiling date_strptime.c
linking shared-object date_core.bundle
ld: warning: search path '/AppleInternal/Library/BuildRoots/1c8f7852-1ca9-11f0-b28b-226177e5bb69/Applications/Xcode.app/Contents/Developer/Platforms/MacOSX.platform/Developer/SDKs/MacOSX15.5.Internal.sdk/usr/local/lib' not found

current directory: /Users/wfu/code/nhchristianson.github.io/endor/bundle\/ruby/2.6.0/gems/date-3.4.1/ext/date
make "DESTDIR=" install
/usr/bin/install -c -m 0755 date_core.bundle ./.gem.20250531-10768-j6lw81
