current directory: /Users/wfu/code/nhchristianson.github.io/endor/bundle\/ruby/2.6.0/gems/stringio-3.0.6/ext/stringio
/System/Library/Frameworks/Ruby.framework/Versions/2.6/usr/bin/ruby -I /System/Library/Frameworks/Ruby.framework/Versions/2.6/usr/lib/ruby/2.6.0 -r ./siteconf20250531-10768-hj01c2.rb extconf.rb
checking for rb_io_extract_modeenc() in ruby/io.h... no
creating Makefile

current directory: /Users/wfu/code/nhchristianson.github.io/endor/bundle\/ruby/2.6.0/gems/stringio-3.0.6/ext/stringio
make "DESTDIR=" clean

current directory: /Users/wfu/code/nhchristianson.github.io/endor/bundle\/ruby/2.6.0/gems/stringio-3.0.6/ext/stringio
make "DESTDIR="
compiling stringio.c
stringio.c:1109:33: warning: '(' and '{' tokens introducing statement expression appear in different macro expansion contexts [-Wcompound-token-split-by-macro]
 1109 |     VALUE c = rb_funcallv(self, rb_intern("getc"), 0, 0);
      |                                 ^~~~~~~~~~~~~~~~~
/Applications/Xcode.app/Contents/Developer/Platforms/MacOSX.platform/Developer/SDKs/MacOSX15.4.sdk/System/Library/Frameworks/Ruby.framework/Versions/2.6/usr/include/ruby-2.6.0/ruby/ruby.h:1826:23: note: expanded from macro 'rb_intern'
 1826 |         __extension__ (RUBY_CONST_ID_CACHE((ID), (str))) : \
      |                       ^
stringio.c:1109:33: note: '{' token is here
 1109 |     VALUE c = rb_funcallv(self, rb_intern("getc"), 0, 0);
      |                                 ^~~~~~~~~~~~~~~~~
/Applications/Xcode.app/Contents/Developer/Platforms/MacOSX.platform/Developer/SDKs/MacOSX15.4.sdk/System/Library/Frameworks/Ruby.framework/Versions/2.6/usr/include/ruby-2.6.0/ruby/ruby.h:1826:24: note: expanded from macro 'rb_intern'
 1826 |         __extension__ (RUBY_CONST_ID_CACHE((ID), (str))) : \
      |                        ^~~~~~~~~~~~~~~~~~~~~~~~~~~~~~~~
/Applications/Xcode.app/Contents/Developer/Platforms/MacOSX.platform/Developer/SDKs/MacOSX15.4.sdk/System/Library/Frameworks/Ruby.framework/Versions/2.6/usr/include/ruby-2.6.0/ruby/ruby.h:1811:5: note: expanded from macro 'RUBY_CONST_ID_CACHE'
 1811 |     {                                                   \
      |     ^
stringio.c:1109:33: warning: '}' and ')' tokens terminating statement expression appear in different macro expansion contexts [-Wcompound-token-split-by-macro]
 1109 |     VALUE c = rb_funcallv(self, rb_intern("getc"), 0, 0);
      |                                 ^~~~~~~~~~~~~~~~~
/Applications/Xcode.app/Contents/Developer/Platforms/MacOSX.platform/Developer/SDKs/MacOSX15.4.sdk/System/Library/Frameworks/Ruby.framework/Versions/2.6/usr/include/ruby-2.6.0/ruby/ruby.h:1826:24: note: expanded from macro 'rb_intern'
 1826 |         __extension__ (RUBY_CONST_ID_CACHE((ID), (str))) : \
      |                        ^~~~~~~~~~~~~~~~~~~~~~~~~~~~~~~~
/Applications/Xcode.app/Contents/Developer/Platforms/MacOSX.platform/Developer/SDKs/MacOSX15.4.sdk/System/Library/Frameworks/Ruby.framework/Versions/2.6/usr/include/ruby-2.6.0/ruby/ruby.h:1816:5: note: expanded from macro 'RUBY_CONST_ID_CACHE'
 1816 |     }
      |     ^
stringio.c:1109:33: note: ')' token is here
 1109 |     VALUE c = rb_funcallv(self, rb_intern("getc"), 0, 0);
      |                                 ^~~~~~~~~~~~~~~~~
/Applications/Xcode.app/Contents/Developer/Platforms/MacOSX.platform/Developer/SDKs/MacOSX15.4.sdk/System/Library/Frameworks/Ruby.framework/Versions/2.6/usr/include/ruby-2.6.0/ruby/ruby.h:1826:56: note: expanded from macro 'rb_intern'
 1826 |         __extension__ (RUBY_CONST_ID_CACHE((ID), (str))) : \
      |                                                        ^
stringio.c:1124:33: warning: '(' and '{' tokens introducing statement expression appear in different macro expansion contexts [-Wcompound-token-split-by-macro]
 1124 |     VALUE c = rb_funcallv(self, rb_intern("getbyte"), 0, 0);
      |                                 ^~~~~~~~~~~~~~~~~~~~
/Applications/Xcode.app/Contents/Developer/Platforms/MacOSX.platform/Developer/SDKs/MacOSX15.4.sdk/System/Library/Frameworks/Ruby.framework/Versions/2.6/usr/include/ruby-2.6.0/ruby/ruby.h:1826:23: note: expanded from macro 'rb_intern'
 1826 |         __extension__ (RUBY_CONST_ID_CACHE((ID), (str))) : \
      |                       ^
stringio.c:1124:33: note: '{' token is here
 1124 |     VALUE c = rb_funcallv(self, rb_intern("getbyte"), 0, 0);
      |                                 ^~~~~~~~~~~~~~~~~~~~
/Applications/Xcode.app/Contents/Developer/Platforms/MacOSX.platform/Developer/SDKs/MacOSX15.4.sdk/System/Library/Frameworks/Ruby.framework/Versions/2.6/usr/include/ruby-2.6.0/ruby/ruby.h:1826:24: note: expanded from macro 'rb_intern'
 1826 |         __extension__ (RUBY_CONST_ID_CACHE((ID), (str))) : \
      |                        ^~~~~~~~~~~~~~~~~~~~~~~~~~~~~~~~
/Applications/Xcode.app/Contents/Developer/Platforms/MacOSX.platform/Developer/SDKs/MacOSX15.4.sdk/System/Library/Frameworks/Ruby.framework/Versions/2.6/usr/include/ruby-2.6.0/ruby/ruby.h:1811:5: note: expanded from macro 'RUBY_CONST_ID_CACHE'
 1811 |     {                                                   \
      |     ^
stringio.c:1124:33: warning: '}' and ')' tokens terminating statement expression appear in different macro expansion contexts [-Wcompound-token-split-by-macro]
 1124 |     VALUE c = rb_funcallv(self, rb_intern("getbyte"), 0, 0);
      |                                 ^~~~~~~~~~~~~~~~~~~~
/Applications/Xcode.app/Contents/Developer/Platforms/MacOSX.platform/Developer/SDKs/MacOSX15.4.sdk/System/Library/Frameworks/Ruby.framework/Versions/2.6/usr/include/ruby-2.6.0/ruby/ruby.h:1826:24: note: expanded from macro 'rb_intern'
 1826 |         __extension__ (RUBY_CONST_ID_CACHE((ID), (str))) : \
      |                        ^~~~~~~~~~~~~~~~~~~~~~~~~~~~~~~~
/Applications/Xcode.app/Contents/Developer/Platforms/MacOSX.platform/Developer/SDKs/MacOSX15.4.sdk/System/Library/Frameworks/Ruby.framework/Versions/2.6/usr/include/ruby-2.6.0/ruby/ruby.h:1816:5: note: expanded from macro 'RUBY_CONST_ID_CACHE'
 1816 |     }
      |     ^
stringio.c:1124:33: note: ')' token is here
 1124 |     VALUE c = rb_funcallv(self, rb_intern("getbyte"), 0, 0);
      |                                 ^~~~~~~~~~~~~~~~~~~~
/Applications/Xcode.app/Contents/Developer/Platforms/MacOSX.platform/Developer/SDKs/MacOSX15.4.sdk/System/Library/Frameworks/Ruby.framework/Versions/2.6/usr/include/ruby-2.6.0/ruby/ruby.h:1826:56: note: expanded from macro 'rb_intern'
 1826 |         __extension__ (RUBY_CONST_ID_CACHE((ID), (str))) : \
      |                                                        ^
stringio.c:1405:39: warning: '(' and '{' tokens introducing statement expression appear in different macro expansion contexts [-Wcompound-token-split-by-macro]
 1405 |     VALUE line = rb_funcallv_kw(self, rb_intern("gets"), argc, argv, RB_PASS_CALLED_KEYWORDS);
      |                                       ^~~~~~~~~~~~~~~~~
/Applications/Xcode.app/Contents/Developer/Platforms/MacOSX.platform/Developer/SDKs/MacOSX15.4.sdk/System/Library/Frameworks/Ruby.framework/Versions/2.6/usr/include/ruby-2.6.0/ruby/ruby.h:1826:23: note: expanded from macro 'rb_intern'
 1826 |         __extension__ (RUBY_CONST_ID_CACHE((ID), (str))) : \
      |                       ^
stringio.c:31:75: note: expanded from macro 'rb_funcallv_kw'
   31 | # define rb_funcallv_kw(recv, mid, arg, argv, kw_splat) rb_funcallv(recv, mid, arg, argv)
      |                                                                           ^~~
stringio.c:1405:39: note: '{' token is here
 1405 |     VALUE line = rb_funcallv_kw(self, rb_intern("gets"), argc, argv, RB_PASS_CALLED_KEYWORDS);
      |                                       ^~~~~~~~~~~~~~~~~
/Applications/Xcode.app/Contents/Developer/Platforms/MacOSX.platform/Developer/SDKs/MacOSX15.4.sdk/System/Library/Frameworks/Ruby.framework/Versions/2.6/usr/include/ruby-2.6.0/ruby/ruby.h:1826:24: note: expanded from macro 'rb_intern'
 1826 |         __extension__ (RUBY_CONST_ID_CACHE((ID), (str))) : \
      |                        ^~~~~~~~~~~~~~~~~~~~~~~~~~~~~~~~
/Applications/Xcode.app/Contents/Developer/Platforms/MacOSX.platform/Developer/SDKs/MacOSX15.4.sdk/System/Library/Frameworks/Ruby.framework/Versions/2.6/usr/include/ruby-2.6.0/ruby/ruby.h:1811:5: note: expanded from macro 'RUBY_CONST_ID_CACHE'
 1811 |     {                                                   \
      |     ^
stringio.c:31:75: note: expanded from macro 'rb_funcallv_kw'
   31 | # define rb_funcallv_kw(recv, mid, arg, argv, kw_splat) rb_funcallv(recv, mid, arg, argv)
      |                                                                           ^~~
stringio.c:1405:39: warning: '}' and ')' tokens terminating statement expression appear in different macro expansion contexts [-Wcompound-token-split-by-macro]
 1405 |     VALUE line = rb_funcallv_kw(self, rb_intern("gets"), argc, argv, RB_PASS_CALLED_KEYWORDS);
      |                                       ^~~~~~~~~~~~~~~~~
/Applications/Xcode.app/Contents/Developer/Platforms/MacOSX.platform/Developer/SDKs/MacOSX15.4.sdk/System/Library/Frameworks/Ruby.framework/Versions/2.6/usr/include/ruby-2.6.0/ruby/ruby.h:1826:24: note: expanded from macro 'rb_intern'
 1826 |         __extension__ (RUBY_CONST_ID_CACHE((ID), (str))) : \
      |                        ^~~~~~~~~~~~~~~~~~~~~~~~~~~~~~~~
/Applications/Xcode.app/Contents/Developer/Platforms/MacOSX.platform/Developer/SDKs/MacOSX15.4.sdk/System/Library/Frameworks/Ruby.framework/Versions/2.6/usr/include/ruby-2.6.0/ruby/ruby.h:1816:5: note: expanded from macro 'RUBY_CONST_ID_CACHE'
 1816 |     }
      |     ^
stringio.c:31:75: note: expanded from macro 'rb_funcallv_kw'
   31 | # define rb_funcallv_kw(recv, mid, arg, argv, kw_splat) rb_funcallv(recv, mid, arg, argv)
      |                                                                           ^~~
stringio.c:1405:39: note: ')' token is here
 1405 |     VALUE line = rb_funcallv_kw(self, rb_intern("gets"), argc, argv, RB_PASS_CALLED_KEYWORDS);
      |                                       ^~~~~~~~~~~~~~~~~
/Applications/Xcode.app/Contents/Developer/Platforms/MacOSX.platform/Developer/SDKs/MacOSX15.4.sdk/System/Library/Frameworks/Ruby.framework/Versions/2.6/usr/include/ruby-2.6.0/ruby/ruby.h:1826:56: note: expanded from macro 'rb_intern'
 1826 |         __extension__ (RUBY_CONST_ID_CACHE((ID), (str))) : \
      |                                                        ^
stringio.c:31:75: note: expanded from macro 'rb_funcallv_kw'
   31 | # define rb_funcallv_kw(recv, mid, arg, argv, kw_splat) rb_funcallv(recv, mid, arg, argv)
      |                                                                           ^~~
stringio.c:1673:38: warning: '(' and '{' tokens introducing statement expression appear in different macro expansion contexts [-Wcompound-token-split-by-macro]
 1673 |     VALUE val = rb_funcallv_kw(self, rb_intern("read"), argc, argv, RB_PASS_CALLED_KEYWORDS);
      |                                      ^~~~~~~~~~~~~~~~~
/Applications/Xcode.app/Contents/Developer/Platforms/MacOSX.platform/Developer/SDKs/MacOSX15.4.sdk/System/Library/Frameworks/Ruby.framework/Versions/2.6/usr/include/ruby-2.6.0/ruby/ruby.h:1826:23: note: expanded from macro 'rb_intern'
 1826 |         __extension__ (RUBY_CONST_ID_CACHE((ID), (str))) : \
      |                       ^
stringio.c:31:75: note: expanded from macro 'rb_funcallv_kw'
   31 | # define rb_funcallv_kw(recv, mid, arg, argv, kw_splat) rb_funcallv(recv, mid, arg, argv)
      |                                                                           ^~~
stringio.c:1673:38: note: '{' token is here
 1673 |     VALUE val = rb_funcallv_kw(self, rb_intern("read"), argc, argv, RB_PASS_CALLED_KEYWORDS);
      |                                      ^~~~~~~~~~~~~~~~~
/Applications/Xcode.app/Contents/Developer/Platforms/MacOSX.platform/Developer/SDKs/MacOSX15.4.sdk/System/Library/Frameworks/Ruby.framework/Versions/2.6/usr/include/ruby-2.6.0/ruby/ruby.h:1826:24: note: expanded from macro 'rb_intern'
 1826 |         __extension__ (RUBY_CONST_ID_CACHE((ID), (str))) : \
      |                        ^~~~~~~~~~~~~~~~~~~~~~~~~~~~~~~~
/Applications/Xcode.app/Contents/Developer/Platforms/MacOSX.platform/Developer/SDKs/MacOSX15.4.sdk/System/Library/Frameworks/Ruby.framework/Versions/2.6/usr/include/ruby-2.6.0/ruby/ruby.h:1811:5: note: expanded from macro 'RUBY_CONST_ID_CACHE'
 1811 |     {                                                   \
      |     ^
stringio.c:31:75: note: expanded from macro 'rb_funcallv_kw'
   31 | # define rb_funcallv_kw(recv, mid, arg, argv, kw_splat) rb_funcallv(recv, mid, arg, argv)
      |                                                                           ^~~
stringio.c:1673:38: warning: '}' and ')' tokens terminating statement expression appear in different macro expansion contexts [-Wcompound-token-split-by-macro]
 1673 |     VALUE val = rb_funcallv_kw(self, rb_intern("read"), argc, argv, RB_PASS_CALLED_KEYWORDS);
      |                                      ^~~~~~~~~~~~~~~~~
/Applications/Xcode.app/Contents/Developer/Platforms/MacOSX.platform/Developer/SDKs/MacOSX15.4.sdk/System/Library/Frameworks/Ruby.framework/Versions/2.6/usr/include/ruby-2.6.0/ruby/ruby.h:1826:24: note: expanded from macro 'rb_intern'
 1826 |         __extension__ (RUBY_CONST_ID_CACHE((ID), (str))) : \
      |                        ^~~~~~~~~~~~~~~~~~~~~~~~~~~~~~~~
/Applications/Xcode.app/Contents/Developer/Platforms/MacOSX.platform/Developer/SDKs/MacOSX15.4.sdk/System/Library/Frameworks/Ruby.framework/Versions/2.6/usr/include/ruby-2.6.0/ruby/ruby.h:1816:5: note: expanded from macro 'RUBY_CONST_ID_CACHE'
 1816 |     }
      |     ^
stringio.c:31:75: note: expanded from macro 'rb_funcallv_kw'
   31 | # define rb_funcallv_kw(recv, mid, arg, argv, kw_splat) rb_funcallv(recv, mid, arg, argv)
      |                                                                           ^~~
stringio.c:1673:38: note: ')' token is here
 1673 |     VALUE val = rb_funcallv_kw(self, rb_intern("read"), argc, argv, RB_PASS_CALLED_KEYWORDS);
      |                                      ^~~~~~~~~~~~~~~~~
/Applications/Xcode.app/Contents/Developer/Platforms/MacOSX.platform/Developer/SDKs/MacOSX15.4.sdk/System/Library/Frameworks/Ruby.framework/Versions/2.6/usr/include/ruby-2.6.0/ruby/ruby.h:1826:56: note: expanded from macro 'rb_intern'
 1826 |         __extension__ (RUBY_CONST_ID_CACHE((ID), (str))) : \
      |                                                        ^
stringio.c:31:75: note: expanded from macro 'rb_funcallv_kw'
   31 | # define rb_funcallv_kw(recv, mid, arg, argv, kw_splat) rb_funcallv(recv, mid, arg, argv)
      |                                                                           ^~~
8 warnings generated.
linking shared-object stringio.bundle
ld: warning: search path '/AppleInternal/Library/BuildRoots/1c8f7852-1ca9-11f0-b28b-226177e5bb69/Applications/Xcode.app/Contents/Developer/Platforms/MacOSX.platform/Developer/SDKs/MacOSX15.5.Internal.sdk/usr/local/lib' not found

current directory: /Users/wfu/code/nhchristianson.github.io/endor/bundle\/ruby/2.6.0/gems/stringio-3.0.6/ext/stringio
make "DESTDIR=" install
/usr/bin/install -c -m 0755 stringio.bundle ./.gem.20250531-10768-1jd2dm8
